<?xml version="1.0" encoding="UTF-8"?>
<!-- Generated by org.testng.reporters.JUnitReportReporter -->
<testsuite hostname="SeenaReddy" failures="0" tests="1" name="com.testscenarios.TakeScreenshotDemo" time="13.240" errors="0" timestamp="2025-10-23T19:34:34 MDT" skipped="0">
  <testcase classname="com.testscenarios.TakeScreenshotDemo" name="f" time="13.240"/>
</testsuite> <!-- com.testscenarios.TakeScreenshotDemo -->
