<?xml version="1.0" encoding="UTF-8"?>
<!-- Generated by org.testng.reporters.JUnitReportReporter -->
<testsuite hostname="Dellinspiron14" failures="0" tests="1" name="com.testscenarios.HyperlinkDemo" time="3.015" errors="0" timestamp="2025-10-22T10:46:45 EDT" skipped="0">
  <testcase classname="com.testscenarios.HyperlinkDemo" name="f" time="3.015"/>
</testsuite> <!-- com.testscenarios.HyperlinkDemo -->
