<?xml version="1.0" encoding="UTF-8"?>
<!-- Generated by org.testng.reporters.JUnitReportReporter -->
<testsuite hostname="Dellinspiron14" failures="0" tests="1" name="com.testscenarios.Flightbooking" time="16.577" errors="0" timestamp="2025-10-24T21:53:50 EDT" skipped="0">
  <testcase classname="com.testscenarios.Flightbooking" name="basedemoflightdemo" time="16.577"/>
</testsuite> <!-- com.testscenarios.Flightbooking -->
