<?xml version="1.0" encoding="UTF-8"?>
<!-- Generated by org.testng.reporters.JUnitReportReporter -->
<testsuite hostname="SeenaReddy" failures="0" tests="2" name="com.automationexercise_testscenario.TS_01_Registration" time="11.167" errors="0" timestamp="2025-10-27T20:04:11 MDT" skipped="0">
  <testcase classname="com.automationexercise_testscenario.TS_01_Registration" name="tc_02" time="3.313"/>
  <testcase classname="com.automationexercise_testscenario.TS_01_Registration" name="tc_01" time="7.854"/>
</testsuite> <!-- com.automationexercise_testscenario.TS_01_Registration -->
