<?xml version="1.0" encoding="UTF-8"?>
<!-- Generated by org.testng.reporters.JUnitReportReporter -->
<testsuite hostname="Dellinspiron14" failures="0" tests="1" name="com.testscenarios.Flightbooking" time="13.503" errors="0" timestamp="2025-10-24T10:59:44 EDT" skipped="0">
  <testcase classname="com.testscenarios.Flightbooking" name="basedemoflightdemo" time="13.503"/>
</testsuite> <!-- com.testscenarios.Flightbooking -->
