<?xml version="1.0" encoding="UTF-8"?>
<!-- Generated by org.testng.reporters.JUnitReportReporter -->
<testsuite hostname="SeenaReddy" failures="0" tests="1" name="com.testscenarios.GetTextDemo" time="5.184" errors="0" timestamp="2025-10-21T19:54:42 MDT" skipped="0">
  <testcase classname="com.testscenarios.GetTextDemo" name="f" time="5.184"/>
</testsuite> <!-- com.testscenarios.GetTextDemo -->
