<?xml version="1.0" encoding="UTF-8"?>
<!-- Generated by org.testng.reporters.JUnitReportReporter -->
<testsuite hostname="SeenaReddy" failures="0" tests="1" name="com.testscenarios.DropdownDemo" time="8.562" errors="0" timestamp="2025-10-21T19:32:02 MDT" skipped="0">
  <testcase classname="com.testscenarios.DropdownDemo" name="f" time="8.562"/>
</testsuite> <!-- com.testscenarios.DropdownDemo -->
