<?xml version="1.0" encoding="UTF-8"?>
<!-- Generated by org.testng.reporters.JUnitReportReporter -->
<testsuite hostname="Dellinspiron14" failures="0" tests="1" name="com.testscenarios.DropdownTest7" time="3.108" errors="0" timestamp="2025-10-23T21:11:54 EDT" skipped="0">
  <testcase classname="com.testscenarios.DropdownTest7" name="Abc" time="3.108"/>
</testsuite> <!-- com.testscenarios.DropdownTest7 -->
