<?xml version="1.0" encoding="UTF-8"?>
<!-- Generated by org.testng.reporters.JUnitReportReporter -->
<testsuite hostname="Dellinspiron14" failures="0" tests="5" name="com.automationexercise_testscenario.TS_01_Registration" time="19.820" errors="0" timestamp="2025-10-28T09:25:43 EDT" skipped="0">
  <testcase classname="com.automationexercise_testscenario.TS_01_Registration" name="tc_03" time="2.695"/>
  <testcase classname="com.automationexercise_testscenario.TS_01_Registration" name="tc_01" time="5.968"/>
  <testcase classname="com.automationexercise_testscenario.TS_01_Registration" name="tc_04" time="1.660"/>
  <testcase classname="com.automationexercise_testscenario.TS_01_Registration" name="tc_05" time="5.824"/>
  <testcase classname="com.automationexercise_testscenario.TS_01_Registration" name="tc_02" time="3.673"/>
</testsuite> <!-- com.automationexercise_testscenario.TS_01_Registration -->
