<?xml version="1.0" encoding="UTF-8"?>
<!-- Generated by org.testng.reporters.JUnitReportReporter -->
<testsuite hostname="Dellinspiron14" failures="0" tests="1" name="com.testscenarios.GetTextTest9" time="4.193" errors="0" timestamp="2025-10-24T12:02:19 EDT" skipped="0">
  <testcase classname="com.testscenarios.GetTextTest9" name="f" time="4.193"/>
</testsuite> <!-- com.testscenarios.GetTextTest9 -->
