<?xml version="1.0" encoding="UTF-8"?>
<!-- Generated by org.testng.reporters.JUnitReportReporter -->
<testsuite hostname="Dellinspiron14" failures="0" tests="1" name="com.testscenarios.DropdownDemo" time="3.738" errors="0" timestamp="2025-10-22T10:11:00 EDT" skipped="0">
  <testcase classname="com.testscenarios.DropdownDemo" name="f" time="3.738"/>
</testsuite> <!-- com.testscenarios.DropdownDemo -->
