<?xml version="1.0" encoding="UTF-8"?>
<!-- Generated by org.testng.reporters.JUnitReportReporter -->
<testsuite hostname="Dellinspiron14" failures="0" tests="2" name="com.testscenarios.TS_02_login" time="7.264" errors="0" timestamp="2025-10-22T10:09:21 EDT" skipped="0">
  <testcase classname="com.testscenarios.TS_02_login" name="tc_01_login_negativetesting" time="4.729"/>
  <testcase classname="com.testscenarios.TS_02_login" name="tc_02_loginwithvalidcredentials" time="2.535"/>
</testsuite> <!-- com.testscenarios.TS_02_login -->
