<?xml version="1.0" encoding="UTF-8"?>
<!-- Generated by org.testng.reporters.JUnitReportReporter -->
<testsuite hostname="SeenaReddy" failures="0" tests="1" name="com.testscenarios.HyperlinkDemo" time="4.254" errors="0" timestamp="2025-10-21T19:40:47 MDT" skipped="0">
  <testcase classname="com.testscenarios.HyperlinkDemo" name="f" time="4.254"/>
</testsuite> <!-- com.testscenarios.HyperlinkDemo -->
