<?xml version="1.0" encoding="UTF-8"?>
<!-- Generated by org.testng.reporters.JUnitReportReporter -->
<testsuite hostname="Dellinspiron14" failures="0" tests="1" name="com.testscenarios.HyperlinkTest8" time="3.667" errors="0" timestamp="2025-10-23T21:15:29 EDT" skipped="0">
  <testcase classname="com.testscenarios.HyperlinkTest8" name="A" time="3.667"/>
</testsuite> <!-- com.testscenarios.HyperlinkTest8 -->
